run_id=r2-n06b
json=/mnt/d/extra consultoria/docs/ops/campaigns/NEXT-30D-ROI-MAIN-R2/evidence/N06b-multi/multi_source-r2-n06b.json
md=/mnt/d/extra consultoria/docs/ops/campaigns/NEXT-30D-ROI-MAIN-R2/evidence/N06b-multi/multi_source-r2-n06b.md
metrics:
  - historical_editais_raw_coverage: result=4.76 (52/1093) conf=high
  - municipalities_with_publication_30d: result=97.29 (287/295) conf=medium
  - orgs_with_recent_licitacao: result=51.69 (565/1093) conf=medium
  - pncp_sc_reconciled: result=28.27 (309/1093) conf=low
  - source_coverage_dados_abertos_sc: result=1.22 (500/41080) conf=low
  - source_coverage_ciga_dom: result=97.29 (287/295) conf=medium
  - source_coverage_sc_compras: result=0.0 (0/2602) conf=medium
  - source_coverage_pncp: result=4.76 (52/1093) conf=medium
  - temporal_coverage_ciga_dom: result=58.06 (18/31) conf=medium
  - temporal_coverage_sc_compras: result=0.0 (0/31) conf=none
  - temporal_coverage_dados_abertos_sc: result=0.0 (0/31) conf=medium
  - act_category_distribution_ciga_dom: result=100.0 (19/19) conf=medium
  - act_category_distribution_dados_abertos_sc: result=94.74 (18/19) conf=medium
  - field_completeness_ciga_dom: result=94.06 (247703/263347) conf=high
  - field_completeness_sc_compras: result=None (0/0) conf=none
  - field_completeness_dados_abertos_sc: result=75.0 (3000/4000) conf=high
  - document_coverage_ciga_dom: result=100.0 (37621/37621) conf=high
  - document_coverage_sc_compras: result=None (0/None) conf=none
  - document_coverage_dados_abertos_sc: result=0.0 (0/500) conf=high
  - freshness_hours_ciga_dom: result=0.02 (0.02/1) conf=high
  - freshness_hours_sc_compras: result=34.4 (34.4/1) conf=high
  - freshness_hours_dados_abertos_sc: result=43.05 (43.05/1) conf=high
  - freshness_hours_pncp: result=0.93 (0.93/1) conf=high
