FFF..........................sssss...................................... [  3%]
...s.........................................sss........................ [  6%]
.............................................................s...ss..... [  9%]
........................................................................ [ 12%]
........................................................................ [ 15%]
........................................................................ [ 18%]
.....................................................................s.. [ 21%]
................ssss.................................................... [ 24%]
..............................sssssssssssssssssssss..................... [ 27%]
........................................................................ [ 30%]
........................................................................ [ 34%]
........................................................................ [ 37%]
................................s....................................... [ 40%]
..........................................ssss.......................... [ 43%]
.......................................................................s [ 46%]
.....................................................FF.....FFF.F....... [ 49%]
..ssssssssssss.......................................................... [ 52%]
............................................................ssssssssssss [ 55%]
sssss................................................................... [ 58%]
....................................s................................... [ 61%]
...sssssss.............................................................. [ 64%]
..............FFFFFFFFFss............................................... [ 68%]
........................................................................ [ 71%]
....................................................ss.................. [ 74%]
...............sssss..................................................F. [ 77%]
..................................................................ssssss [ 80%]
sssssssss...........................sssssssss........................... [ 83%]
.....................................................................sss [ 86%]
sssss.....................sssss......................................... [ 89%]
......................................................................F. [ 92%]
........................................................................ [ 95%]
.....................s.................................................. [ 98%]
......F.................                                                 [100%]
=================================== FAILURES ===================================
___ Test429RateLimit.test_pncp_429_is_rate_limited_checkpointed_no_watermark ___
tests/chaos/test_429_rate_limit.py:60: in test_pncp_429_is_rate_limited_checkpointed_no_watermark
    adapter = PNCPAdapter(_cfg(tmp_path), page_fetcher=fetcher)
                          ^^^^^^^^^^^^^^
tests/chaos/test_429_rate_limit.py:39: in _cfg
    return ResilienceConfig(**base)  # type: ignore[arg-type]
           ^^^^^^^^^^^^^^^^^^^^^^^^
E   TypeError: ResilienceConfig.__init__() missing 4 required positional arguments: 'environment', 'execution_mode', 'state_root', and 'breaker_path'
________ Test429RateLimit.test_pncp_429_sequence_opens_circuit_breaker _________
tests/chaos/test_429_rate_limit.py:91: in test_pncp_429_sequence_opens_circuit_breaker
    adapter = PNCPAdapter(_cfg(tmp_path, circuit_breaker_threshold=2), page_fetcher=fetcher)
                          ^^^^^^^^^^^^^^^^^^^^^^^^^^^^^^^^^^^^^^^^^^^
tests/chaos/test_429_rate_limit.py:39: in _cfg
    return ResilienceConfig(**base)  # type: ignore[arg-type]
           ^^^^^^^^^^^^^^^^^^^^^^^^
E   TypeError: ResilienceConfig.__init__() missing 4 required positional arguments: 'environment', 'execution_mode', 'state_root', and 'breaker_path'
________ Test429RateLimit.test_sc_compras_429_is_rate_limited_not_empty ________
tests/chaos/test_429_rate_limit.py:105: in test_sc_compras_429_is_rate_limited_not_empty
    adapter = ScComprasAdapter(_cfg(tmp_path), list_fetcher=list_fetcher)
                               ^^^^^^^^^^^^^^
tests/chaos/test_429_rate_limit.py:39: in _cfg
    return ResilienceConfig(**base)  # type: ignore[arg-type]
           ^^^^^^^^^^^^^^^^^^^^^^^^
E   TypeError: ResilienceConfig.__init__() missing 4 required positional arguments: 'environment', 'execution_mode', 'state_root', and 'breaker_path'
___________ TestEntityResolver.test_resolve_secretaria_to_prefeitura ___________
tests/test_entity_resolver.py:62: in test_resolve_secretaria_to_prefeitura
    assert result == "82892324"
E   AssertionError: assert '62761279' == '82892324'
E     
E     - 82892324
E     + 62761279
_____ TestEntityResolver.test_resolve_secretaria_to_prefeitura_porto_belo ______
tests/test_entity_resolver.py:69: in test_resolve_secretaria_to_prefeitura_porto_belo
    assert result == "82575812"
E   AssertionError: assert '63641306' == '82575812'
E     
E     - 82575812
E     + 63641306
____________________ TestEntityResolver.test_resolve_batch _____________________
tests/test_entity_resolver.py:146: in test_resolve_batch
    assert results["62761279"] == "82892324"
E   AssertionError: assert '62761279' == '82892324'
E     
E     - 82892324
E     + 62761279
________________ TestEntityResolver.test_singleton_convenience _________________
tests/test_entity_resolver.py:155: in test_singleton_convenience
    assert result == "82892324"
E   AssertionError: assert '62761279' == '82892324'
E     
E     - 82892324
E     + 62761279
_______________ TestSeedCoverage.test_all_secretarias_have_alias _______________
tests/test_entity_resolver.py:174: in test_all_secretarias_have_alias
    assert total >= 179, f"Expected at least 179 secretarias, found {total}"
E   AssertionError: Expected at least 179 secretarias, found 0
E   assert 0 >= 179
______________ TestSeedCoverage.test_alias_count_matches_expected ______________
tests/test_entity_resolver.py:190: in test_alias_count_matches_expected
    assert count >= 359, f"Expected >= 359 aliases, found {count}"
E   AssertionError: Expected >= 359 aliases, found 0
E   assert 0 >= 359
___________ TestOpportunityTablesExist.test_opportunity_intel_exists ___________
tests/test_opportunity_integration.py:65: in test_opportunity_intel_exists
    assert _table_exists(conn, "opportunity_intel")
E   AssertionError: assert 0
E    +  where 0 = _table_exists(<MagicMock id='136826141447312'>, 'opportunity_intel')
___________ TestOpportunityTablesExist.test_opportunity_runs_exists ____________
tests/test_opportunity_integration.py:69: in test_opportunity_runs_exists
    assert _table_exists(conn, "opportunity_runs")
E   AssertionError: assert 0
E    +  where 0 = _table_exists(<MagicMock id='136826122565728'>, 'opportunity_runs')
________ TestOpportunityTablesExist.test_opportunity_checkpoints_exists ________
tests/test_opportunity_integration.py:73: in test_opportunity_checkpoints_exists
    assert _table_exists(conn, "opportunity_checkpoints")
E   AssertionError: assert 0
E    +  where 0 = _table_exists(<MagicMock id='136826122458160'>, 'opportunity_checkpoints')
_________ TestOpportunityTablesExist.test_opportunity_coverage_exists __________
tests/test_opportunity_integration.py:77: in test_opportunity_coverage_exists
    assert _table_exists(conn, "opportunity_coverage")
E   AssertionError: assert 0
E    +  where 0 = _table_exists(<MagicMock id='136826118806880'>, 'opportunity_coverage')
_________________ TestUpsertFunction.test_upsert_single_record _________________
tests/test_opportunity_integration.py:115: in test_upsert_single_record
    assert len(results) == 1
E   assert 0 == 1
E    +  where 0 = len([])
__________________ TestUpsertFunction.test_upsert_idempotent ___________________
tests/test_opportunity_integration.py:154: in test_upsert_idempotent
    assert first[0][0] == "insert"
           ^^^^^^^^
E   IndexError: list index out of range
_____________________ TestUpsertFunction.test_upsert_batch _____________________
tests/test_opportunity_integration.py:184: in test_upsert_batch
    assert len(results) == 5
E   assert 0 == 5
E    +  where 0 = len([])
_______________ TestConstraints.test_status_canonico_constraint ________________
tests/test_opportunity_integration.py:207: in test_status_canonico_constraint
    with pytest.raises(psycopg2.Error):
E   Failed: DID NOT RAISE <class 'psycopg2.Error'>
___________________ TestConstraints.test_ranking_constraint ____________________
tests/test_opportunity_integration.py:230: in test_ranking_constraint
    with pytest.raises(psycopg2.Error):
E   Failed: DID NOT RAISE <class 'psycopg2.Error'>
____________________ test_vertical_slice_postgres_real_path ____________________
tests/test_resilience_vertical_slice.py:202: in test_vertical_slice_postgres_real_path
    pytest.fail(
E   Failed: DATABASE_URL set but pncp_raw_bids / upsert_pncp_raw_bids missing — migrations incomplete (dsn='postgresql://test:test@127.0.0.1:5544/extra_full_suite' identity=[0] tables=[] procs=[])
__________________________ TestCrawl.test_crawl_full ___________________________
tests/test_transparencia_crawler.py:1033: in test_crawl_full
    assert len(results) == 2
E   AssertionError: assert 80 == 2
E    +  where 80 = len([{'count': 0, 'error': None, 'ibge': '4200200', 'municipio': 'agrolandia', ...}, {'count': 0, 'error': None, 'ibge': '...06', 'municipio': 'ararangua', ...}, {'count': 0, 'error': None, 'ibge': '4201653', 'municipio': 'arvoredo', ...}, ...])
------------------------------ Captured log call -------------------------------
WARNING  scripts.crawl.transparencia_crawler:transparencia_crawler.py:941   [1] agrolandia: no_content (None)
WARNING  scripts.crawl.transparencia_crawler:transparencia_crawler.py:941   [2] apiuna: no_content (None)
WARNING  scripts.crawl.transparencia_crawler:transparencia_crawler.py:941   [3] arabuta: no_content (None)
WARNING  scripts.crawl.transparencia_crawler:transparencia_crawler.py:941   [4] araquari: no_content (None)
WARNING  scripts.crawl.transparencia_crawler:transparencia_crawler.py:941   [5] ararangua: no_content (None)
WARNING  scripts.crawl.transparencia_crawler:transparencia_crawler.py:941   [6] arvoredo: no_content (None)
WARNING  scripts.crawl.transparencia_crawler:transparencia_crawler.py:941   [7] ascurra: no_content (None)
WARNING  scripts.crawl.transparencia_crawler:transparencia_crawler.py:941   [8] aurora: no_content (None)
WARNING  scripts.crawl.transparencia_crawler:transparencia_crawler.py:941   [9] biguacu: no_content (None)
WARNING  scripts.crawl.transparencia_crawler:transparencia_crawler.py:516 Health check FAILED for https://blumenau.atende.net/transparencia (HTTP 0)
WARNING  scripts.crawl.transparencia_crawler:transparencia_crawler.py:572 Portal unreachable for blumenau: HTTP 0
WARNING  scripts.crawl.transparencia_crawler:transparencia_crawler.py:941   [10] blumenau: unreachable (HTTP 0)
WARNING  scripts.crawl.transparencia_crawler:transparencia_crawler.py:941   [11] bombinhas: no_content (None)
WARNING  scripts.crawl.transparencia_crawler:transparencia_crawler.py:941   [12] botuvera: no_content (None)
WARNING  scripts.crawl.transparencia_crawler:transparencia_crawler.py:941   [13] brusque: no_content (None)
WARNING  scripts.crawl.transparencia_crawler:transparencia_crawler.py:941   [14] caibi: no_content (None)
WARNING  scripts.crawl.transparencia_crawler:transparencia_crawler.py:941   [15] camboriu: no_content (None)
WARNING  scripts.crawl.transparencia_crawler:transparencia_crawler.py:941   [16] canoinhas: no_content (None)
WARNING  scripts.crawl.transparencia_crawler:transparencia_crawler.py:516 Health check FAILED for https://chapeco.atende.net/transparencia (HTTP 0)
WARNING  scripts.crawl.transparencia_crawler:transparencia_crawler.py:572 Portal unreachable for chapeco: HTTP 0
WARNING  scripts.crawl.transparencia_crawler:transparencia_crawler.py:941   [17] chapeco: unreachable (HTTP 0)
WARNING  scripts.crawl.transparencia_crawler:transparencia_crawler.py:941   [18] concordia: no_content (None)
WARNING  scripts.crawl.transparencia_crawler:transparencia_crawler.py:941   [19] corupa: no_content (None)
WARNING  scripts.crawl.transparencia_crawler:transparencia_crawler.py:516 Health check FAILED for https://criciuma.ipm.org.br/transparencia (HTTP 0)
WARNING  scripts.crawl.transparencia_crawler:transparencia_crawler.py:572 Portal unreachable for criciuma: HTTP 0
WARNING  scripts.crawl.transparencia_crawler:transparencia_crawler.py:941   [20] criciuma: unreachable (HTTP 0)
WARNING  scripts.crawl.transparencia_crawler:transparencia_crawler.py:941   [21] fraiburgo: no_content (None)
WARNING  scripts.crawl.transparencia_crawler:transparencia_crawler.py:941   [22] garopaba: no_content (None)
WARNING  scripts.crawl.transparencia_crawler:transparencia_crawler.py:941   [23] garuva: no_content (None)
WARNING  scripts.crawl.transparencia_crawler:transparencia_crawler.py:941   [24] gravatal: no_content (None)
WARNING  scripts.crawl.transparencia_crawler:transparencia_crawler.py:941   [25] guabiruba: no_content (None)
WARNING  scripts.crawl.transparencia_crawler:transparencia_crawler.py:941   [26] guaraciaba: no_content (None)
WARNING  scripts.crawl.transparencia_crawler:transparencia_crawler.py:941   [27] guaramirim: no_content (None)
WARNING  scripts.crawl.transparencia_crawler:transparencia_crawler.py:941   [28] guatambu: no_content (None)
WARNING  scripts.crawl.transparencia_crawler:transparencia_crawler.py:941   [29] ibirama: no_content (None)
WARNING  scripts.crawl.transparencia_crawler:transparencia_crawler.py:941   [30] imbituba: no_content (None)
WARNING  scripts.crawl.transparencia_crawler:transparencia_crawler.py:941   [31] indaial: no_content (None)
WARNING  scripts.crawl.transparencia_crawler:transparencia_crawler.py:941   [32] irineopolis: no_content (None)
WARNING  scripts.crawl.transparencia_crawler:transparencia_crawler.py:941   [33] ita: no_content (None)
WARNING  scripts.crawl.transparencia_crawler:transparencia_crawler.py:941   [34] itaiopolis: no_content (None)
WARNING  scripts.crawl.transparencia_crawler:transparencia_crawler.py:516 Health check FAILED for https://itajai.ipm.org.br/transparencia (HTTP 0)
WARNING  scripts.crawl.transparencia_crawler:transparencia_crawler.py:572 Portal unreachable for itajai: HTTP 0
WARNING  scripts.crawl.transparencia_crawler:transparencia_crawler.py:941   [35] itajai: unreachable (HTTP 0)
WARNING  scripts.crawl.transparencia_crawler:transparencia_crawler.py:941   [36] itapiranga: no_content (None)
WARNING  scripts.crawl.transparencia_crawler:transparencia_crawler.py:941   [37] itapoa: no_content (None)
WARNING  scripts.crawl.transparencia_crawler:transparencia_crawler.py:941   [38] ituporanga: no_content (None)
WARNING  scripts.crawl.transparencia_crawler:transparencia_crawler.py:941   [39] jaguaruna: no_content (None)
WARNING  scripts.crawl.transparencia_crawler:transparencia_crawler.py:941   [40] jardinopolis: no_content (None)
WARNING  scripts.crawl.transparencia_crawler:transparencia_crawler.py:941   [41] lacerdopolis: no_content (None)
WARNING  scripts.crawl.transparencia_crawler:transparencia_crawler.py:516 Health check FAILED for https://lages.ipm.org.br/transparencia (HTTP 0)
WARNING  scripts.crawl.transparencia_crawler:transparencia_crawler.py:572 Portal unreachable for lages: HTTP 0
WARNING  scripts.crawl.transparencia_crawler:transparencia_crawler.py:941   [42] lages: unreachable (HTTP 0)
WARNING  scripts.crawl.transparencia_crawler:transparencia_crawler.py:941   [43] laurentino: no_content (None)
WARNING  scripts.crawl.transparencia_crawler:transparencia_crawler.py:941   [44] lontras: no_content (None)
WARNING  scripts.crawl.transparencia_crawler:transparencia_crawler.py:941   [45] massaranduba: no_content (None)
WARNING  scripts.crawl.transparencia_crawler:transparencia_crawler.py:941   [46] modelo: no_content (None)
WARNING  scripts.crawl.transparencia_crawler:transparencia_crawler.py:941   [47] navegantes: no_content (None)
WARNING  scripts.crawl.transparencia_crawler:transparencia_crawler.py:941   [48] ouro: no_content (None)
WARNING  scripts.crawl.transparencia_crawler:transparencia_crawler.py:941   [49] paial: no_content (None)
WARNING  scripts.crawl.transparencia_crawler:transparencia_crawler.py:941   [50] palhoca: no_content (None)
WARNING  scripts.crawl.transparencia_crawler:transparencia_crawler.py:941   [51] papanduva: no_content (None)
WARNING  scripts.crawl.transparencia_crawler:transparencia_crawler.py:941   [52] paraiso: no_content (None)
WARNING  scripts.crawl.transparencia_crawler:transparencia_crawler.py:941   [53] penha: no_content (None)
WARNING  scripts.crawl.transparencia_crawler:transparencia_crawler.py:941   [54] pinhalzinho: no_content (None)
WARNING  scripts.crawl.transparencia_crawler:transparencia_crawler.py:941   [55] pomerode: no_content (None)
WARNING  scripts.crawl.transparencia_crawler:transparencia_crawler.py:941   [56] princesa: no_content (None)
WARNING  scripts.crawl.transparencia_crawler:transparencia_crawler.py:941   [57] riqueza: no_content (None)
WARNING  scripts.crawl.transparencia_crawler:transparencia_crawler.py:941   [58] rodeio: no_content (None)
WARNING  scripts.crawl.transparencia_crawler:transparencia_crawler.py:941   [59] salete: no_content (None)
WARNING  scripts.crawl.transparencia_crawler:transparencia_crawler.py:516 Health check FAILED for https://sao-jose.atende.net/transparencia (HTTP 0)
WARNING  scripts.crawl.transparencia_crawler:transparencia_crawler.py:572 Portal unreachable for sao-jose: HTTP 0
WARNING  scripts.crawl.transparencia_crawler:transparencia_crawler.py:941   [60] sao-jose: unreachable (HTTP 0)
WARNING  scripts.crawl.transparencia_crawler:transparencia_crawler.py:941   [61] saudades: no_content (None)
WARNING  scripts.crawl.transparencia_crawler:transparencia_crawler.py:941   [62] seara: no_content (None)
WARNING  scripts.crawl.transparencia_crawler:transparencia_crawler.py:941   [63] taio: no_content (None)
WARNING  scripts.crawl.transparencia_crawler:transparencia_crawler.py:941   [64] tijucas: no_content (None)
WARNING  scripts.crawl.transparencia_crawler:transparencia_crawler.py:941   [65] timbo: no_content (None)
WARNING  scripts.crawl.transparencia_crawler:transparencia_crawler.py:941   [66] treviso: no_content (None)
WARNING  scripts.crawl.transparencia_crawler:transparencia_crawler.py:941   [67] tunapolis: no_content (None)
WARNING  scripts.crawl.transparencia_crawler:transparencia_crawler.py:941   [68] videira: no_content (None)
WARNING  scripts.crawl.transparencia_crawler:transparencia_crawler.py:941   [69] witmarsum: no_content (None)
WARNING  scripts.crawl.transparencia_crawler:transparencia_crawler.py:941   [70] zortea: no_content (None)
WARNING  scripts.crawl.transparencia_crawler:transparencia_crawler.py:516 Health check FAILED for https://balneario-camboriu.e-gov.betha.com.br (HTTP 0)
WARNING  scripts.crawl.transparencia_crawler:transparencia_crawler.py:572 Portal unreachable for balneario-camboriu: HTTP 0
WARNING  scripts.crawl.transparencia_crawler:transparencia_crawler.py:941   [71] balneario-camboriu: unreachable (HTTP 0)
WARNING  scripts.crawl.transparencia_crawler:transparencia_crawler.py:516 Health check FAILED for https://florianopolis.e-gov.betha.com.br (HTTP 0)
WARNING  scripts.crawl.transparencia_crawler:transparencia_crawler.py:572 Portal unreachable for florianopolis: HTTP 0
WARNING  scripts.crawl.transparencia_crawler:transparencia_crawler.py:941   [72] florianopolis: unreachable (HTTP 0)
WARNING  scripts.crawl.transparencia_crawler:transparencia_crawler.py:516 Health check FAILED for https://joinville.e-gov.betha.com.br (HTTP 0)
WARNING  scripts.crawl.transparencia_crawler:transparencia_crawler.py:572 Portal unreachable for joinville: HTTP 0
WARNING  scripts.crawl.transparencia_crawler:transparencia_crawler.py:941   [73] joinville: unreachable (HTTP 0)
WARNING  scripts.crawl.transparencia_crawler:transparencia_crawler.py:941   [74] atalanta: no_content (None)
WARNING  scripts.crawl.transparencia_crawler:transparencia_crawler.py:941   [75] gaspar: no_content (None)
WARNING  scripts.crawl.transparencia_crawler:transparencia_crawler.py:941   [76] icara: no_content (None)
WARNING  scripts.crawl.transparencia_crawler:transparencia_crawler.py:941   [77] jaragua-do-sul: no_content (None)
WARNING  scripts.crawl.transparencia_crawler:transparencia_crawler.py:941   [78] urubici: no_content (None)
WARNING  scripts.crawl.transparencia_crawler:transparencia_crawler.py:516 Health check FAILED for https://riodosul.sc.gov.br (HTTP 0)
WARNING  scripts.crawl.transparencia_crawler:transparencia_crawler.py:572 Portal unreachable for rio-do-sul: HTTP 0
WARNING  scripts.crawl.transparencia_crawler:transparencia_crawler.py:941   [79] rio-do-sul: unreachable (HTTP 0)
WARNING  scripts.crawl.transparencia_crawler:transparencia_crawler.py:516 Health check FAILED for https://tubarao.sc.gov.br (HTTP 403)
WARNING  scripts.crawl.transparencia_crawler:transparencia_crawler.py:572 Portal unreachable for tubarao: HTTP 403
WARNING  scripts.crawl.transparencia_crawler:transparencia_crawler.py:941   [80] tubarao: unreachable (HTTP 403)
______________________ test_manifest_and_pytest_exit_zero ______________________
tests/unit/test_dod_unit_evidence_pack.py:13: in test_manifest_and_pytest_exit_zero
    log = (PACK / "pytest-pack.log").read_text(encoding="utf-8")
          ^^^^^^^^^^^^^^^^^^^^^^^^^^^^^^^^^^^^^^^^^^^^^^^^^^^^^^
/usr/lib/python3.12/pathlib.py:1029: in read_text
    with self.open(mode='r', encoding=encoding, errors=errors) as f:
         ^^^^^^^^^^^^^^^^^^^^^^^^^^^^^^^^^^^^^^^^^^^^^^^^^^^^^
/usr/lib/python3.12/pathlib.py:1015: in open
    return io.open(self, mode, buffering, encoding, errors, newline)
           ^^^^^^^^^^^^^^^^^^^^^^^^^^^^^^^^^^^^^^^^^^^^^^^^^^^^^^^^^
E   FileNotFoundError: [Errno 2] No such file or directory: '/mnt/d/extra consultoria/.worktrees/full-suite-main/docs/ops/session-2026-07-17-dod-unit-evidence/pytest-pack.log'
=============================== warnings summary ===============================
tests/test_orchestrator.py:35
  /mnt/d/extra consultoria/.worktrees/full-suite-main/tests/test_orchestrator.py:35: DeprecationWarning: scripts.crawl.orchestrator is deprecated, use scripts.crawl.monitor
    from scripts.crawl.orchestrator import (  # noqa: E402

tests/test_geocode.py::TestGeocoder::test_cache_miss_with_municipio
tests/test_geocode.py::TestGeocoder::test_cache_saved_after_geocode_miss
  /home/tjsasakifln/.local/lib/python3.12/site-packages/urllib3/response.py:221: DependencyWarning: Brotli >= 1.2.0 is required to prevent decompression bombs.
    warnings.warn(

-- Docs: https://docs.pytest.org/en/stable/how-to/capture-warnings.html
- generated xml file: /home/tjsasakifln/.grok/sessions/%2Fmnt%2Fd%2Fextra%20consultoria/019f81f4-cdf9-70f2-97a3-8c7c1dc7995b/baseline/junit.xml -

---------- coverage: platform linux, python 3.12.3-final-0 -----------
Name                                                           Stmts   Miss  Cover   Missing
--------------------------------------------------------------------------------------------
scripts/__init__.py                                                0      0 100.0%
scripts/_pt_accents.py                                            39     39   0.0%   20-1306
scripts/auditor_deterministic_checks.py                          172    172   0.0%   2-473
scripts/build-proposta-data.py                                   137    137   0.0%   12-441
scripts/buyer_intel/ranking.py                                   105     49  53.3%   90, 142, 178-274
scripts/check-alerts.py                                          218    118  45.9%   44, 137-177, 211-212, 236-251, 276-284, 297-304, 308-315, 327-328, 346-358, 408-443, 448-476, 480-492, 496-549, 553
scripts/check_imports.py                                         108    108   0.0%   2-193
scripts/collect-metrics.py                                       176     90  48.9%   32, 49-51, 113, 201-203, 213-214, 226-227, 300-322, 327-393, 397-404, 408-435, 439
scripts/collect-sicaf.py                                          23     23   0.0%   2-83
scripts/collect/__init__.py                                        2      0 100.0%
scripts/collect/run_contract.py                                  106     18  83.0%   98, 107, 194, 232-307
scripts/collect_report_data.py                                  4430   4430   0.0%   2-11064
scripts/consulting_readiness.py                                  764    412  46.1%   85, 94, 106, 110, 133, 136, 139, 159-161, 235, 244, 249-254, 297-303, 308-314, 319, 331-355, 377, 416, 430-433, 502-508, 576, 595-608, 646-652, 697, 712, 758-764, 806, 816-875, 931, 962-968, 975-978, 1022, 1088-1094, 1131, 1176-1182, 1197-1205, 1212-1216, 1247-1260, 1274-1278, 1380-1381, 1388, 1390, 1415, 1422-1431, 1465-1475, 1508-1513, 1516-1521, 1524-1529, 1532-1537, 1540-1545, 1548-1553, 1556-1561, 1563-1570, 1714-1728, 1733-1887, 1896-2008, 2012
scripts/contract_intel/__init__.py                                 0      0 100.0%
scripts/contract_intel/cli.py                                    481    409  15.0%   32, 181-188, 203-209, 215, 264-274, 284-307, 312-335, 340-363, 376-417, 422-438, 484-561, 566-589, 594-604, 609-642, 647-684, 763, 843-868, 873-881, 886-891, 896-912, 922-1078, 1083-1182, 1191-1284, 1288
scripts/contract_intel/target_universe.py                        158     27  82.9%   26, 152-153, 171, 308-366, 370-371
scripts/coverage/__init__.py                                       0      0 100.0%
scripts/coverage/applicability_matrix.py                         176     42  76.1%   20, 60-61, 66, 72, 77-89, 113, 156, 317-343, 347
scripts/coverage/blockers.py                                      34      0 100.0%
scripts/coverage/calculator.py                                    39      1  97.4%   144
scripts/coverage/commercial_status.py                            108     34  68.5%   123-131, 145, 188-193, 205-206, 216-217, 227-228, 251-256, 280-281, 302-303, 333, 344-345
scripts/coverage/coverage_contract.py                            599    198  66.9%   338-341, 344, 351, 422, 425, 428, 536, 538-541, 554-573, 610, 613-622, 633-636, 640-661, 682, 700, 767-773, 781-782, 794, 797-798, 806, 808, 811, 814, 817-822, 864, 866, 868, 873, 888, 957-1057, 1095, 1159, 1195-1196, 1198, 1228-1229, 1397-1423, 1447-1457, 1476, 1496, 1520, 1524, 1539-1560, 1571, 1606-1615, 1618, 1671-1672, 1674-1675, 1774, 1800-1819
scripts/coverage/coverage_contract_cli.py                         87     87   0.0%   2-195
scripts/coverage/entity_freshness.py                             142     87  38.7%   34, 72, 81-85, 89-99, 112-179, 239-269, 280-315, 319-348, 352-353, 363
scripts/coverage/freshness_by_entity.py                          761    206  72.9%   41, 117, 263-293, 299, 317-318, 321-322, 325, 332, 372, 389, 444, 467, 474, 488-489, 491-492, 494-495, 537, 561, 604-614, 619-628, 661, 667, 674, 682, 695, 712-726, 808-809, 813, 818, 823-830, 834-835, 837, 840, 843, 848, 853-855, 868, 876, 889-902, 919, 921, 934, 942, 951, 980-998, 1040, 1054, 1069, 1073-1074, 1084, 1089, 1101, 1155-1156, 1175, 1202, 1246, 1257, 1263, 1268-1269, 1271-1277, 1299, 1319, 1370-1373, 1390, 1394-1395, 1400, 1402, 1409, 1413, 1419, 1431-1444, 1573-1714, 1718
scripts/coverage/manifest.py                                      93     11  88.2%   153-163, 180, 185, 230-232, 264-266
scripts/coverage/measure_pncp_expansion.py                        49     49   0.0%   14-119
scripts/coverage/multi_source_coverage.py                        772    125  83.8%   133-134, 140, 151, 153, 156, 167-176, 183-185, 188, 196-200, 215, 229, 259, 264, 270, 273, 279, 312, 314-315, 343-344, 350, 377-380, 396-397, 410-415, 486, 494-495, 546, 586-591, 593-598, 687-692, 724-744, 747, 811-812, 825, 836, 839-849, 888-906, 946, 1001-1003, 1057, 1212-1214, 1388, 1664
scripts/coverage/recall_benchmark.py                             132     89  32.6%   49-82, 89, 135, 159-216, 220-224, 228-241, 245-246, 250-270, 274-276, 280
scripts/coverage/reconcile_targets.py                            226    226   0.0%   2-696
scripts/coverage/run_matching.py                                  34     34   0.0%   9-68
scripts/coverage/sector_engineering.py                            64     17  73.4%   84, 98, 137-152
scripts/coverage/session_coverage_pipeline.py                    548    548   0.0%   2-1332
scripts/coverage/states.py                                       104      2  98.1%   47, 310
scripts/coverage/validate_coverage.py                            236    236   0.0%   2-858
scripts/coverage_gate.py                                         102    102   0.0%   2-346
scripts/coverage_truth.py                                        463    314  32.2%   61-90, 99, 106-108, 113-118, 147-160, 165, 180-186, 194-200, 205-218, 355, 360, 390-401, 561-624, 629-792, 802-887, 891-917, 921
scripts/crawl/__init__.py                                          0      0 100.0%
scripts/crawl/_parallel_mixin.py                                 185    185   0.0%   7-450
scripts/crawl/act_classifier.py                                  184      7  96.2%   610-611, 643-647
scripts/crawl/adapter.py                                          77     77   0.0%   6-218
scripts/crawl/async_client.py                                    259    259   0.0%   10-684
scripts/crawl/batch_detect_platforms.py                          157    157   0.0%   11-326
scripts/crawl/batch_detect_platforms_pass2.py                    192    192   0.0%   13-385
scripts/crawl/bids_crawler.py                                    226    226   0.0%   53-780
scripts/crawl/checkpoint.py                                       97     43  55.7%   234-260, 286-309, 333-351, 383-415, 429-437
scripts/crawl/ciga_ckan_crawler.py                               539    167  69.0%   41, 186-188, 213, 218, 222, 435, 449-452, 483-498, 505-522, 536, 756, 764, 793, 821, 882-888, 896-943, 948-987, 1004-1087, 1091
scripts/crawl/ciga_dom_publications.py                           639    216  66.2%   40, 99-106, 109-110, 119, 132-133, 151, 156-174, 185, 192, 197-200, 211, 222-223, 226-227, 255-257, 259, 262-275, 281, 283, 302, 304, 314, 320, 327-330, 332, 340-341, 348-349, 377-378, 384, 399, 409, 412, 421, 430, 493, 499-501, 589-590, 592-611, 721, 738-741, 745-746, 751-752, 756, 760-762, 767-769, 779, 813-856, 869-870, 898-914, 923-939, 947-950, 957, 960, 973, 1000-1004, 1008-1010, 1036-1071, 1077, 1097, 1100-1101, 1286-1364, 1368
scripts/crawl/circuit_breaker.py                                 229    229   0.0%   7-510
scripts/crawl/clients/__init__.py                                  0      0 100.0%
scripts/crawl/clients/base/__init__.py                             2      0 100.0%
scripts/crawl/clients/base/base.py                               254     69  72.8%   69-74, 103-122, 261-262, 378, 402-408, 416, 507, 516-536, 547-563, 574-596, 627, 632, 637
scripts/crawl/clients/pncp/__init__.py                             0      0 100.0%
scripts/crawl/clients/pncp/_parallel_mixin.py                      5      5   0.0%   7-26
scripts/crawl/clients/pncp/async_client.py                        10     10   0.0%   7-39
scripts/crawl/clients/pncp/circuit_breaker.py                     58      2  96.6%   63, 74
scripts/crawl/clients/pncp/retry.py                               35     35   0.0%   7-111
scripts/crawl/common.py                                          119     10  91.6%   148, 151, 155, 157-158, 194-195, 257, 276, 323
scripts/crawl/compras_gov_crawler.py                             274    112  59.1%   50, 131-209, 228-235, 272-282, 285, 301, 304, 307-311, 332, 355, 385, 395-398, 401, 452-454, 481, 491-494, 497, 544-546, 586-592, 608-618, 624, 656, 661
scripts/crawl/config.py                                           66     66   0.0%   11-232
scripts/crawl/contracts_crawler.py                               450    190  57.8%   54, 255, 258, 260, 263-264, 311, 318, 322, 340-369, 421, 433-445, 456-457, 460-465, 495, 514-526, 552, 566, 646-648, 682-695, 716-724, 736-844, 853-947
scripts/crawl/credential_validator.py                             71     23  67.6%   97-101, 132-139, 146, 149-150, 169, 174-182
scripts/crawl/dados_abertos_sc_crawler.py                        549    104  81.1%   52, 139-141, 144-145, 161, 198, 215-217, 230-231, 257, 273, 289-291, 331-332, 387-388, 457-472, 513-516, 534, 542-544, 569, 595-597, 645-650, 669, 720-721, 735-737, 749, 827-828, 918-919, 948-966, 1033-1034, 1044-1058, 1063, 1261, 1363, 1379-1477, 1481
scripts/crawl/date_semantics.py                                   41      4  90.2%   18, 23, 26-27
scripts/crawl/discover_ciga_packages.py                           93     93   0.0%   2-190
scripts/crawl/dlq.py                                             179     57  68.2%   88, 91, 96, 121-122, 205-206, 274, 291-333, 346-349, 382, 394-397, 403-413, 426, 494-516, 520
scripts/crawl/dlq_sync.py                                         69     33  52.2%   48-65, 108-110, 118-120, 125-130, 135-140
scripts/crawl/doe_sc_crawler.py                                  379    140  63.1%   44, 102, 112, 177-178, 184-185, 189, 192-207, 242-243, 258-259, 276-320, 338-393, 419-506, 556-568, 625, 670, 679, 684, 690-693, 715-729, 815-816, 847-848, 876-877, 904, 909
scripts/crawl/doe_sc_publications.py                             107     53  50.5%   52-66, 70-74, 87, 107-108, 135-184, 188-194, 198
scripts/crawl/doe_sc_selenium_crawler.py                         248    248   0.0%   21-593
scripts/crawl/dom_sc_crawler.py                                  264    210  20.5%   51, 125-166, 180-203, 223-283, 306-352, 373-408, 427-475, 490-502, 520-600, 621-625, 628
scripts/crawl/elic_sc_stub.py                                     31      1  96.8%   91
scripts/crawl/enricher.py                                        288    219  24.0%   37-92, 108-157, 166-206, 219-234, 239-245, 326-396, 408-468, 580-683
scripts/crawl/exceptions.py                                       44     44   0.0%   9-121
scripts/crawl/freshness.py                                        58     35  39.7%   71, 84-132, 149-152, 169-188
scripts/crawl/generate_transparencia_config.py                   103    103   0.0%   10-283
scripts/crawl/ingestion/__init__.py                                0      0 100.0%
scripts/crawl/ingestion/_base/__init__.py                          0      0 100.0%
scripts/crawl/ingestion/_base/crawler.py                         215     44  79.5%   74, 86, 179, 181, 187-192, 195-196, 231, 270, 274, 278, 358, 417, 423-428, 438-456, 461, 466
scripts/crawl/ingestion/checkpoint.py                             13     13   0.0%   7-37
scripts/crawl/ingestion/config.py                                 18     18   0.0%   8-34
scripts/crawl/ingestion/load_official_acts_session.py            196    153  21.9%   29, 31, 41-51, 55-69, 74, 78, 81-85, 89-97, 185-199, 233-239, 248-335, 339-449, 453
scripts/crawl/ingestion/loader.py                                  6      6   0.0%   7-24
scripts/crawl/ingestion/metrics.py                                17     17   0.0%   8-29
scripts/crawl/ingestion/transformer.py                             5      5   0.0%   7-17
scripts/crawl/loader.py                                          118    118   0.0%   12-320
scripts/crawl/metrics.py                                          25      0 100.0%
scripts/crawl/middleware.py                                       27     27   0.0%   10-91
scripts/crawl/mides_bigquery_crawler.py                          276    169  38.8%   46, 77-79, 96-117, 243-254, 264, 285-316, 332-339, 367, 480, 545-586, 596-615, 624-648, 652-718, 722
scripts/crawl/monitor.py                                         697    529  24.1%   84, 103, 141, 162-196, 211-272, 277-307, 334-342, 348-368, 374-395, 444-458, 463, 465, 467, 472, 474, 480, 482, 484, 488, 490, 493, 495, 542, 629, 632, 671, 685-750, 774-1133, 1167-1303, 1329-1383, 1434, 1438-1440, 1523-1699, 1703
scripts/crawl/orchestrator.py                                    119     11  90.8%   166-168, 209-212, 273-274, 322-323
scripts/crawl/pacing.py                                           68      0 100.0%
scripts/crawl/pcp_crawler.py                                     240    105  56.2%   45, 123, 231-297, 325, 339-342, 354, 365, 391-393, 415, 433, 438-444, 465-481, 488-514, 520
scripts/crawl/pipeline.py                                        221     35  84.2%   86, 90, 94, 98, 123-126, 132, 295, 303, 317, 321, 352, 375-388, 401, 424-437, 489-490, 509, 515, 521-522, 524-525
scripts/crawl/playwright_fallback.py                             128    128   0.0%   27-347
scripts/crawl/pncp_arp_crawler.py                                191    191   0.0%   20-510
scripts/crawl/pncp_backfill.py                                   528    528   0.0%   7-1323
scripts/crawl/pncp_contract.py                                   101     13  87.1%   78, 84, 109-117, 122, 145
scripts/crawl/pncp_crawler_adapter.py                            394    192  51.3%   84-103, 111-118, 124-128, 133, 139, 141, 144, 148, 150, 152, 154, 173-174, 203-209, 230, 271, 314-316, 327-380, 399-403, 414-415, 428, 473, 497-503, 520-531, 537, 541, 557-560, 649-668, 687-774, 786-856, 861-863, 867-872, 876-880, 884-885, 889-890
scripts/crawl/pncp_engineering.py                                110     17  84.5%   113-114, 178, 180, 200, 205-206, 208, 214-215, 225-226, 228-229, 251-253
scripts/crawl/pncp_geo.py                                         67      6  91.0%   60-61, 63-64, 76, 82
scripts/crawl/pncp_pca_crawler.py                                177    177   0.0%   20-461
scripts/crawl/pncp_sc_focused.py                                 165    165   0.0%   2-296
scripts/crawl/pool.py                                             67      0 100.0%
scripts/crawl/provenance.py                                      139     24  82.7%   58, 61, 65, 157-160, 189-192, 250-254, 258, 304-307, 345-347
scripts/crawl/provenance_sync.py                                  59     24  59.3%   45-62, 77-79, 94-96, 110-112
scripts/crawl/rate_limiter.py                                     41     41   0.0%   8-101
scripts/crawl/redis_pool.py                                       40     40   0.0%   14-95
scripts/crawl/registry.py                                        222     45  79.7%   188, 193, 196, 213, 587, 622, 624, 635, 645, 650, 662, 706, 708, 710, 712, 714, 718, 721, 723, 725, 727, 743-769, 807
scripts/crawl/resilience/__init__.py                               5      0 100.0%
scripts/crawl/resilience/adapters.py                             301     36  88.0%   31, 110-116, 169-174, 262-265, 269, 280, 282, 360, 362, 456, 464, 473-479, 492-494, 552-554, 579-580, 585-586, 640
scripts/crawl/resilience/circuit_breaker.py                      121     13  89.3%   87-89, 97-98, 106-107, 122-125, 127-130
scripts/crawl/resilience/config.py                                82     10  87.8%   24-25, 27, 34, 72, 84-85, 119, 150, 152
scripts/crawl/resilience/http_policy.py                           56      7  87.5%   15-16, 18, 74, 76, 80, 88
scripts/crawl/resilience/persistence.py                          189     80  57.7%   32, 68, 91, 137-141, 208-209, 217-236, 250-265, 287-314, 318-319, 325-326, 338-380, 400-483, 487-495
scripts/crawl/resilience/pipeline.py                             194     30  84.5%   132, 135, 158, 160, 184, 212, 221, 260, 291, 295, 299, 410, 413, 416, 423, 427-429, 432-446
scripts/crawl/resilience/stages.py                                55      7  87.3%   164, 167-168, 188, 191, 195-196
scripts/crawl/resilience/state.py                                275     24  91.3%   94-95, 147-148, 228-229, 258-259, 361-362, 401-402, 411-417, 469-473
scripts/crawl/retry.py                                           102    102   0.0%   13-318
scripts/crawl/run_contracts_90d_pilot.py                         531    418  21.3%   42, 202, 243-263, 268-272, 277-318, 322, 326, 353-361, 371, 379-419, 431-486, 525-771, 783-1247, 1297-1374, 1378
scripts/crawl/run_dedup.py                                       112    112   0.0%   2-304
scripts/crawl/run_evidence.py                                    243     32  86.8%   78-79, 92-94, 114-115, 142, 145-149, 182, 192, 198, 202, 205, 246, 269, 306, 344, 390, 402, 405, 433, 439, 441, 447, 455, 481, 494
scripts/crawl/run_lock.py                                         65     20  69.2%   35-36, 52-61, 65, 71-72, 78, 81-84
scripts/crawl/sanctions.py                                       246    246   0.0%   23-658
scripts/crawl/sc_compras_crawler.py                              593    110  81.5%   47, 259, 264, 269, 377-384, 387-388, 398-399, 412-428, 431, 448-484, 489-490, 495, 502, 512, 516, 534, 645-646, 718, 732-733, 763-764, 814-815, 842-843, 888-889, 910-911, 932, 969, 973-981, 1009-1011, 1064, 1071, 1093-1094, 1098, 1113, 1147-1149, 1152-1153, 1171-1172, 1314-1398, 1402
scripts/crawl/security.py                                         29     11  62.1%   96, 108-110, 145-151
scripts/crawl/selenium_crawler.py                                298    134  55.0%   206-207, 262-263, 279-307, 320, 324-328, 333-335, 371-379, 393-395, 514-562, 584-652, 696-697, 720-721, 743-744, 747-772, 807-809
scripts/crawl/selenium_smoke_test.py                              96     96   0.0%   2-235
scripts/crawl/smoke_pncp_public.py                               126     40  68.3%   27, 132-142, 154-156, 165, 181-193, 225-239, 243
scripts/crawl/supabase_client.py                                  56     56   0.0%   15-130
scripts/crawl/sync_client.py                                     238    238   0.0%   3-619
scripts/crawl/tce_sc_crawler.py                                  388    336  13.4%   40, 112-114, 125-146, 151-166, 171-180, 188-199, 204-213, 231-315, 340-391, 411-460, 483-559, 572-580, 585-640, 645-697, 717-732, 735, 766-797, 809-831
scripts/crawl/transformer.py                                      61      1  98.4%   122
scripts/crawl/transparencia_crawler.py                           666    246  63.1%   43, 155-162, 193-196, 353-355, 361-362, 385-387, 390-400, 440-441, 443-448, 578-581, 584-586, 593-601, 606-608, 612-615, 625-648, 687-688, 716-718, 766-767, 798-800, 819-828, 841-846, 892-893, 903, 907-908, 915-916, 921-922, 936-938, 945-960, 1018-1019, 1025-1027, 1042, 1044-1045, 1053-1054, 1059-1060, 1076-1077, 1083-1113, 1140-1142, 1159-1160, 1242, 1245, 1266-1278, 1302, 1315-1316, 1323-1336, 1488-1628
scripts/crawl/transparencia_templates/__init__.py                 25     19  24.0%   26-30, 42-55, 60-65
scripts/crawl/transparencia_templates/base.py                     63      6  90.5%   31-32, 45-46, 127, 174
scripts/crawl/transparencia_templates/betha.py                    61     49  19.7%   61-124, 129-155
scripts/crawl/transparencia_templates/egov.py                     79     79   0.0%   14-178
scripts/crawl/transparencia_templates/generico.py                133    133   0.0%   15-271
scripts/crawl/transparencia_templates/ipam.py                     67     67   0.0%   14-153
scripts/crawl/transparencia_templates/selenium_base.py            99     51  48.5%   102, 114, 132-134, 169-171, 183-240
scripts/crawl/watermark.py                                        91     14  84.6%   53, 56, 60, 187-188, 213-216, 239, 276-279
scripts/crawl/watermark_sync.py                                   64     35  45.3%   44-61, 76-78, 89-91, 96-102, 107-113
scripts/data_contracts/__init__.py                                 0      0 100.0%
scripts/data_contracts/entity.py                                  92     11  88.0%   38-43, 51, 53, 75, 83, 89
scripts/datalake-sc-200km.py                                     199    199   0.0%   2-487
scripts/datalake_helper.py                                       384    269  29.9%   128-129, 133-145, 153-176, 179, 213, 222-225, 231-242, 298-361, 370-383, 418-462, 485-528, 550-581, 602-629, 648-673, 704-755, 786-829, 848-861
scripts/demo_b2g_setorial.py                                     531    531   0.0%   2-1199
scripts/entity_identity/__init__.py                                0      0 100.0%
scripts/entity_identity/pncp_orgao_resolve.py                     80     33  58.8%   33-46, 77-78, 87-89, 100-115
scripts/export-sc-200km-final.py                                 107    107   0.0%   2-470
scripts/fix/__init__.py                                            0      0 100.0%
scripts/fix/activate_dormant_sources.py                          452    452   0.0%   2-953
scripts/fix/geocode_missing_entities.py                          158    158   0.0%   2-389
scripts/fix/rebuild_evidence_ledger.py                           143    143   0.0%   2-418
scripts/fix/resolve_unresolved_entities.py                       232    181  22.0%   70-73, 83-91, 97-107, 112, 125, 135-138, 143-155, 170-185, 198-385, 401-408, 418, 426
scripts/fix/sc_dados_abertos_backfill.py                         245     74  69.8%   36, 57-59, 147-149, 175-176, 239-240, 357-358, 371, 415, 515-540, 549-575, 579-615, 619
scripts/fix/scrape_residual_portals.py                           631    404  36.0%   46, 214-216, 230-232, 250-267, 273-274, 278-286, 310, 315-331, 336-342, 361, 368-376, 394-400, 429-452, 476-518, 542-552, 579-665, 678-741, 822-887, 904-905, 1009-1063, 1103-1104, 1111-1115, 1159-1237, 1259-1278, 1296-1305, 1313-1430
scripts/freshness_gate.py                                        137     65  52.6%   105-108, 112-121, 125-128, 151, 157-173, 177-198, 241-262, 266-267, 271-277, 281-297, 301
scripts/generate-report-b2g.py                                  3164   3164   0.0%   2-7384
scripts/generate_consultoria_pdf.py                              356    356   0.0%   2-1666
scripts/generate_proposta_pdf.py                                 344    344   0.0%   8-1214
scripts/golden_path.py                                           466    282  39.5%   63-65, 115-117, 186-187, 229-230, 245-251, 287, 312, 314, 317-319, 326, 331, 333, 378-379, 381, 386, 420-435, 439-453, 463-474, 488-647, 663-706, 719-785, 804-821, 881-1116
scripts/health-dashboard.py                                      239    147  38.5%   38, 58-60, 80-81, 89, 91, 98-99, 108-109, 115, 117, 135-193, 213-214, 218-220, 237-238, 240-241, 268-280, 305-396, 401-407, 419-426, 430-468, 472
scripts/health_check.py                                           94     94   0.0%   2-173
scripts/healthcheck.py                                           113    113   0.0%   2-223
scripts/integrations/__init__.py                                   0      0 100.0%
scripts/integrations/smartlic_snapshot_import.py                 326    183  43.9%   110, 112, 116, 123-129, 157, 163-168, 189, 194, 205, 213-214, 237-263, 267-329, 334-440, 490-491, 500-501, 505-532, 535-536, 556-559, 564-569, 600-634, 639, 646-663, 667-668, 672
scripts/intel_analyze.py                                         875    875   0.0%   2-1830
scripts/intel_collect.py                                        1842   1842   0.0%   2-3490
scripts/intel_enrich.py                                          308    308   0.0%   2-671
scripts/intel_excel.py                                           538    538   0.0%   2-1091
scripts/intel_extract_docs.py                                    541    541   0.0%   2-951
scripts/intel_llm_gate.py                                        128    128   0.0%   2-515
scripts/intel_pipeline.py                                        775    631  18.6%   47-53, 112, 124-125, 129-130, 135-139, 150, 155, 160-185, 198-246, 314-315, 327-336, 341-342, 383-385, 389, 418, 430-501, 511-606, 616-778, 787-792, 802-1343, 1347
scripts/intel_report.py                                         1137   1137   0.0%   2-2749
scripts/intel_sector_loader.py                                   261    261   0.0%   28-565
scripts/intel_validate.py                                        560    560   0.0%   2-1028
scripts/lib/__init__.py                                            0      0 100.0%
scripts/lib/bid_simulator.py                                      97     97   0.0%   2-327
scripts/lib/claim_language.py                                     66      4  93.9%   44-45, 65, 222
scripts/lib/cli_validation.py                                     59     27  54.2%   38-42, 99-104, 119-126, 141-148, 160-165, 177-182
scripts/lib/constants.py                                           7      0 100.0%
scripts/lib/cost_estimator.py                                     92     92   0.0%   2-289
scripts/lib/data_reliability.py                                  191     27  85.9%   51-65, 231, 244-245, 385-387, 392, 394, 417-420, 424-426
scripts/lib/dedup.py                                              62     62   0.0%   2-198
scripts/lib/doc_templates.py                                      96     96   0.0%   2-405
scripts/lib/entity_hierarchy.py                                   96     13  86.5%   100, 202-209, 214-216, 338-340, 345-347
scripts/lib/entity_resolver.py                                    98     39  60.2%   42-47, 69-70, 80, 113-117, 121-128, 140-142, 145-150, 153, 156, 188-192, 201-204
scripts/lib/geocode.py                                           127     48  62.2%   143-145, 188-198, 206, 225-262, 286-323
scripts/lib/intel_logging.py                                      15     15   0.0%   3-35
scripts/lib/manual_override_ledger.py                             51      5  90.2%   31, 33, 35, 76, 81
scripts/lib/name_normalizer.py                                    91     29  68.1%   87-90, 144-146, 175, 251, 279-280, 301-327
scripts/lib/retry.py                                              31     31   0.0%   12-85
scripts/lib/structured_logging.py                                 84      5  94.0%   68, 189-193
scripts/lib/terminal.py                                           30      8  73.3%   27, 63, 68-69, 74, 79, 84, 89
scripts/lib/universe.py                                          209     36  82.8%   119, 139-165, 189, 204-205, 213, 272, 279, 297-299, 323-331, 343, 346, 349, 351, 365
scripts/lib/universe_query.py                                     18     18   0.0%   24-88
scripts/lib/value_semantics.py                                    44     11  75.0%   121, 189, 230-237, 250-256
scripts/lib/victory_profile.py                                   171    171   0.0%   2-392
scripts/lib/win_loss_tracker.py                                   57     57   0.0%   2-145
scripts/local_datalake.py                                        363    363   0.0%   2-683
scripts/matching/__init__.py                                       0      0 100.0%
scripts/matching/entity_matcher.py                               279     64  77.1%   32, 74-75, 87-90, 111, 121-122, 158-159, 164-165, 170-171, 176-177, 182-183, 227, 230-237, 293-302, 404-405, 491-495, 505-514, 545-557, 576, 590-593
scripts/matching/measure_baseline.py                              99     99   0.0%   2-238
scripts/matching/official_acts_reconcile.py                      870    343  60.6%   256, 261, 268, 275, 278, 281, 300, 329-332, 359-362, 367, 369, 374, 384-387, 392, 394, 396, 399, 404-407, 415-424, 454, 479-493, 497-504, 518-520, 602, 607-610, 612, 622, 662-668, 677-678, 682, 717-719, 727, 755-782, 808-813, 817-822, 826-858, 862-866, 874-967, 971-1007, 1160, 1224, 1303, 1307, 1532, 1540-1542, 1544-1546, 1570-1623, 1637-1737, 1741-1758, 1762-1815, 1819
scripts/notify.py                                                136     47  65.4%   37, 108-110, 179-180, 185-187, 225-230, 244-257, 261-298, 302
scripts/ocds_bridge/__init__.py                                    0      0 100.0%
scripts/ocds_bridge/mapping.py                                    41      5  87.8%   124, 129, 135, 138-139
scripts/opportunity_intel/__init__.py                              1      0 100.0%
scripts/opportunity_intel/backfill.py                            164    164   0.0%   2-449
scripts/opportunity_intel/cli.py                                 440    338  23.2%   44-48, 63-65, 69-71, 81-129, 134-149, 154-169, 174-207, 212-253, 259-342, 347-395, 400-415, 425-462, 467-553, 558-596, 600-605, 609-613, 621-716, 722-736, 858-890
scripts/opportunity_intel/competitive_intel_validation.py         80     43  46.2%   243-253, 264-275, 372-409, 413
scripts/opportunity_intel/crawler_base.py                        237    137  42.2%   84, 142-191, 205-238, 268, 272, 286-287, 293, 297-298, 302, 326-353, 361-364, 368-387, 391-393, 414-425, 435-438, 464-467, 474-488, 503-583, 592-593, 601-602
scripts/opportunity_intel/dedup.py                                39      2  94.9%   110, 119
scripts/opportunity_intel/manifest.py                             96     96   0.0%   14-334
scripts/opportunity_intel/models.py                              104      8  92.3%   179-181, 243-247
scripts/opportunity_intel/pncp_audit.py                          235    158  32.8%   57-59, 78-248, 271-272, 277-278, 280-281, 283-284, 288, 305-311, 320-341, 345-363, 367-368, 397-398, 418-532, 560-562, 566-570
scripts/opportunity_intel/pncp_crawler.py                         60     39  35.0%   51-56, 71-84, 92-105, 117, 127-139, 143-151
scripts/opportunity_intel/profile.py                              83     16  80.7%   44, 47, 59, 64, 68-70, 74, 79, 106, 112, 114, 123-124, 129, 131
scripts/opportunity_intel/radar.py                               294    197  33.0%   88, 151, 156, 178-334, 351-357, 374-388, 409-426, 430-445, 456-508, 512-517, 528-531, 570-582, 593-606, 627-658, 666-673, 677-679, 686-689, 693-714, 718-734, 743-757, 769-805, 809-810, 814-817, 831, 835
scripts/opportunity_intel/ranking.py                             188     14  92.6%   162, 171, 176, 178, 182, 187, 210, 213-214, 367, 419, 432, 457, 459
scripts/opportunity_intel/reconciliation.py                      119     81  31.9%   58, 82-85, 112-194, 215-219, 234-264, 282-302, 305-310, 318-355, 362-405, 413-414, 441-442, 452-455, 459-469
scripts/opportunity_intel/schema.py                               48     32  33.3%   57-61, 66-94, 104-136, 141-153
scripts/opportunity_intel/scoring.py                             144     31  78.5%   89-90, 101-106, 111-115, 119, 121, 128, 130, 132, 136, 138, 140, 142, 148, 191-197, 204-207
scripts/opportunity_intel/status.py                               72     19  73.6%   177-194, 198, 204, 208, 215, 302-309, 349
scripts/opportunity_intel/transformer.py                         167     22  86.8%   53, 70, 116-117, 329-330, 348-350, 356-358, 366-368, 373-374, 380, 382, 387, 418, 450
scripts/ops/__init__.py                                            0      0 100.0%
scripts/ops/alert_pipeline.py                                    183     49  73.2%   68, 97-98, 127-128, 130, 152-153, 191-227, 298-352, 403-405, 440-457
scripts/ops/apply_migrations.py                                  192    120  37.5%   62, 85-93, 96-99, 102-110, 112-115, 134, 139-145, 149-151, 155-169, 173-178, 182-195, 205-206, 222-248, 260-309, 313-346, 350
scripts/ops/canonical_entry_points.py                             86     21  75.6%   14, 26-28, 33, 142, 184-199, 203
scripts/ops/capability_inventory.py                               34     12  64.7%   107, 130-140, 144
scripts/ops/centralized_config_audit.py                           56     21  62.5%   14, 102-122, 126
scripts/ops/code_hygiene_gate.py                                 137     27  80.3%   15, 73, 94, 100-101, 160-161, 211, 214-215, 223, 304-323, 327
scripts/ops/code_organization_gate.py                            154     35  77.3%   20, 46, 50, 72, 84-86, 123-126, 153, 177, 180-181, 272-292, 296
scripts/ops/crawler_monitor.py                                   179     32  82.1%   48, 54, 67-68, 97, 104-114, 143-150, 314, 320-335, 337
scripts/ops/deliverable_a_org_ranking.py                         149     49  67.1%   143, 351-392, 396-431, 435
scripts/ops/deliverable_b_competitors.py                         208     36  82.7%   107, 121, 123, 169, 173, 198, 405, 407, 421, 474-503, 507
scripts/ops/deliverable_c_expiring.py                            179     33  81.6%   89-90, 105, 133, 168, 179, 218, 438-468, 472
scripts/ops/deliverable_d_prices.py                              210     27  87.1%   136, 143, 170, 200, 465-489, 493
scripts/ops/deliverable_e_editais.py                             196     39  80.1%   96, 99, 105, 108, 145, 149, 155, 161-163, 181, 186, 188, 299-300, 401-426, 430
scripts/ops/deliverable_package_final.py                         172     36  79.1%   157-164, 265, 270, 274, 392-424, 428
scripts/ops/diagnostic_profile.py                                126     22  82.5%   57, 256-257, 261-262, 300-301, 364-380, 384
scripts/ops/dod_process_integrity.py                              32      1  96.9%   69
scripts/ops/enrich_sc_compras_cnpj.py                             82     82   0.0%   2-158
scripts/ops/evidence_convention.py                                70     18  74.3%   233-252, 256
scripts/ops/file_metadata.py                                      15      1  93.3%   27
scripts/ops/golden_clean_env.py                                  122    122   0.0%   2-327
scripts/ops/health.py                                            192     37  80.7%   24-25, 35-42, 73, 77, 104, 121, 145, 189, 191, 212-213, 222-223, 235, 237-239, 243-244, 290-291, 348-361, 365
scripts/ops/host_monitor.py                                      152     47  69.1%   42, 46, 61-62, 68-69, 79, 81, 88, 100, 108, 118, 145, 154-155, 163-213, 229, 232, 234, 238, 270-272, 274, 276
scripts/ops/local_backup_restore_proof.py                         83     56  32.5%   51-53, 57, 67-87, 91-148, 152-264, 268
scripts/ops/ops_gate_monitor.py                                  240    113  52.9%   49-56, 98-99, 101-102, 104-105, 119-120, 153-156, 170-188, 204-208, 217-237, 259-273, 290-291, 311-322, 325-326, 329, 342, 382-402, 408, 415, 422, 446, 448, 450, 487-489, 491, 493
scripts/ops/probe_entity_success_zero.py                         188    188   0.0%   2-465
scripts/ops/reconstruct_evidence.py                               54      6  88.9%   109, 158-161, 166
scripts/ops/requirement_states.py                                273     58  78.8%   95-96, 107, 128-129, 147, 177, 179, 188, 194, 202-203, 221, 241-243, 302, 433, 439-441, 573-593, 597-627, 631
scripts/ops/resilient_cycle.py                                   118     23  80.5%   102, 115-120, 144-145, 212, 217-218, 262-277, 281
scripts/ops/resolve_cnpj14_batch.py                               75     75   0.0%   2-134
scripts/ops/resolve_cnpj14_matriz.py                             169    111  34.3%   55, 74, 99, 105-117, 121-127, 131-160, 164-307, 311
scripts/ops/run_contracts_pilot.py                                57     57   0.0%   2-90
scripts/ops/scan_docs_definition_consistency.py                   96     11  88.5%   70-71, 77, 96-97, 111, 130-131, 167, 192, 204
scripts/ops/scan_mandatory_gates_failclosed.py                    84      8  90.5%   89, 127-128, 168, 175, 177, 180, 185
scripts/ops/scan_ops_docs_honesty.py                              53      3  94.3%   43, 114, 123
scripts/ops/schema_audit.py                                       83     83   0.0%   2-167
scripts/ops/source_contract_tests.py                             158     56  64.6%   20, 35-70, 90, 135, 139-142, 168, 215-240, 258, 273, 365-381, 385
scripts/ops/strategic_monthly_monitor.py                         184     28  84.8%   83, 86-87, 91-94, 122, 144, 161-162, 188, 581-595, 599
scripts/ops/validate_systemd.py                                   34     10  70.6%   15, 20-21, 26, 29, 33, 38-40, 44
scripts/ops/weekly_cycle.py                                      613    479  21.9%   34, 62, 66-67, 71-79, 83-87, 91-94, 98-106, 110-116, 120-136, 140-144, 183-192, 201-234, 238-244, 276, 280, 282, 287, 290, 294-382, 399-550, 560-612, 616-664, 690-831, 991-1224, 1233-1252, 1256-1295, 1319, 1321, 1336, 1340, 1345, 1360, 1362, 1377-1563, 1567-1600, 1604-1645, 1649
scripts/pipeline/__init__.py                                       0      0 100.0%
scripts/pipeline/backfill_multi_source.py                        365    179  51.0%   34, 191-271, 285-289, 308-309, 329-330, 357-358, 373-533, 542, 544, 584, 643-651, 654-662, 665-673, 702, 813-867, 871
scripts/pncp_client.py                                            10     10   0.0%   11-31
scripts/pricing-b2g-collect.py                                   169    169   0.0%   2-433
scripts/quality/__init__.py                                        2      0 100.0%
scripts/quality/indicator_catalog.py                              33      3  90.9%   185-186, 210
scripts/radar-b2g-collect.py                                     282    282   0.0%   2-614
scripts/report_dedup.py                                           81      5  93.8%   137, 185-186, 195, 213
scripts/reports/__init__.py                                        1      0 100.0%
scripts/reports/commercial_b2g_session.py                        624    136  78.2%   30, 63-64, 76, 79-80, 84-86, 93-94, 98-107, 112, 115, 122, 129, 134, 156-157, 163, 168, 199, 252-253, 294, 331-340, 400, 404, 410, 457, 525, 545-547, 565-674, 695-696, 773-775, 779, 799, 806, 838, 841, 843, 846, 848, 851, 1076, 1082, 1177, 1192, 1208-1209, 1287, 1313, 1322, 1340, 1597-1633, 1637
scripts/reports/commercial_sample_sc.py                          148     83  43.9%   25, 41-42, 58-61, 76-139, 150, 159-160, 344-427, 431
scripts/reports/coverage_gaps.py                                 118    118   0.0%   2-212
scripts/reports/coverage_weekly.py                               505    505   0.0%   2-1325
scripts/reports/deliverable_orgaos_ranking.py                    154    154   0.0%   2-397
scripts/reports/executive_excel.py                               293    293   0.0%   2-819
scripts/reports/executive_report.py                              591    591   0.0%   2-1613
scripts/reports/golden_path_pack.py                              150     43  71.3%   19, 47-61, 108, 206-234, 247-250, 275, 292, 331-332, 337-341
scripts/reports/operational_export_pack.py                       208    130  37.5%   23, 38-41, 45-51, 55-60, 64-81, 85-136, 140-154, 191-192, 247-251, 256-354, 358-361, 365-405, 409
scripts/reports/operational_outputs.py                           310    146  52.9%   30, 147-149, 175-176, 192, 194, 204, 207-219, 228, 231, 240, 245-246, 286, 304-352, 358, 375-391, 393-405, 412-424, 446-462, 472-484, 506-585, 598-599, 603-605, 614-615, 619-620, 630-631, 725-773, 777
scripts/reports/operational_reports.py                           247    180  27.1%   28, 56-59, 63-69, 73-78, 101-123, 127-151, 156-180, 200-254, 258-260, 283-334, 339-414, 419-439, 443-483, 560-565, 569-603, 607
scripts/reports/org_ranking.py                                   136    136   0.0%   2-329
scripts/reports/panorama.py                                      130    130   0.0%   2-357
scripts/reports/reconcile_pdf_excel.py                           226    226   0.0%   2-454
scripts/reports/run_metadata.py                                  129     57  55.8%   65-66, 70, 77-87, 113, 121-122, 140-144, 217-219, 238-244, 249-252, 278-344
scripts/retention-b2g-collect.py                                 220    220   0.0%   2-433
scripts/schema/audit_sql_references.py                           196    113  42.3%   656, 663-713, 739, 747-749, 760-808, 821, 824, 827-830, 837-893, 898-915, 919-972, 976
scripts/schema/official_acts.py                                  113     76  32.7%   51-57, 86, 88, 94-96, 101-119, 126, 130-144, 148-182, 188-202, 214-217, 232-265, 280-318, 334-377, 393-435
scripts/source_registry/__init__.py                                3      0 100.0%
scripts/source_registry/__main__.py                                2      2   0.0%   1-3
scripts/source_registry/acquisition/__init__.py                    4      0 100.0%
scripts/source_registry/acquisition/ciga_municipio_expand.py      79     13  83.5%   48, 51, 84, 96-97, 108, 144-148, 162-163
scripts/source_registry/acquisition/pncp_orgao_probe.py          191    111  41.9%   41-43, 57-106, 111-159, 196, 258-268, 288, 303-331, 334-343, 366-367
scripts/source_registry/acquisition/promote_from_evidence.py     346    179  48.3%   56, 58, 81, 90-91, 93, 103-107, 110-118, 120, 122, 126, 138, 154, 157, 161, 177, 182-257, 308, 310-311, 314, 324, 326, 328, 331, 343, 374, 423, 437, 470-471, 496-497, 504-505, 525-703, 710-711, 714-718, 721-724
scripts/source_registry/builder.py                               333     39  88.3%   116, 119-120, 138, 145-147, 152, 156-158, 166, 169, 172, 181, 193, 207, 321-323, 341-343, 355, 385, 419, 537, 612-622, 629
scripts/source_registry/cli.py                                   123    123   0.0%   2-278
scripts/source_registry/discovery.py                             129    129   0.0%   8-320
scripts/source_registry/gap_report.py                            107     15  86.0%   38, 45, 47, 49, 51, 53, 55, 57, 59, 63, 72-74, 82, 127
scripts/source_registry/models.py                                 84     10  88.1%   128-130, 133, 136, 139, 144, 146, 148, 168
scripts/source_registry/persistence.py                            27     17  37.0%   32-66
scripts/universe_tools.py                                        180    180   0.0%   2-506
scripts/validate-report-data.py                                  408    408   0.0%   2-900
scripts/war-room-b2g-collect.py                                  213    213   0.0%   2-420
scripts/workspace/__init__.py                                      0      0 100.0%
scripts/workspace/__main__.py                                      2      0 100.0%
scripts/workspace/actions.py                                     101     90  10.9%   62-119, 131-231, 244-358, 369-397
scripts/workspace/cli.py                                         698    572  18.1%   55, 64-174, 178-408, 412-593, 597-675, 679-739, 743-876, 880-894, 898-912, 917-990, 994-1016, 1021-1058, 1062-1089, 1098-1110, 1261-1290, 1294
scripts/workspace/common.py                                      194     81  58.2%   18, 23-28, 64, 69-77, 86-91, 95-114, 123-124, 129, 136, 139-140, 143-144, 149-151, 156, 159-160, 165-166, 170-173, 177-178, 182-185, 199, 205-206, 224, 231-232, 237, 270, 277-283, 290, 292, 296-297
scripts/workspace/queue.py                                       261    116  55.6%   56-59, 78-107, 112, 133-162, 173, 183-206, 217, 227-298, 313, 315-318, 328, 330, 348-420, 436, 447, 462-465, 468-478, 506, 546-547, 587, 590, 642, 695-697, 702
--------------------------------------------------------------------------------------------
TOTAL                                                          64792  43618  32.7%

Required test coverage of 10% reached. Total coverage: 32.68%
=========================== short test summary info ============================
FAILED tests/chaos/test_429_rate_limit.py::Test429RateLimit::test_pncp_429_is_rate_limited_checkpointed_no_watermark - TypeError: ResilienceConfig.__init__() missing 4 required positional arguments: 'environment', 'execution_mode', 'state_root', and 'breaker_path'
FAILED tests/chaos/test_429_rate_limit.py::Test429RateLimit::test_pncp_429_sequence_opens_circuit_breaker - TypeError: ResilienceConfig.__init__() missing 4 required positional arguments: 'environment', 'execution_mode', 'state_root', and 'breaker_path'
FAILED tests/chaos/test_429_rate_limit.py::Test429RateLimit::test_sc_compras_429_is_rate_limited_not_empty - TypeError: ResilienceConfig.__init__() missing 4 required positional arguments: 'environment', 'execution_mode', 'state_root', and 'breaker_path'
FAILED tests/test_entity_resolver.py::TestEntityResolver::test_resolve_secretaria_to_prefeitura - AssertionError: assert '62761279' == '82892324'
  
  - 82892324
  + 62761279
FAILED tests/test_entity_resolver.py::TestEntityResolver::test_resolve_secretaria_to_prefeitura_porto_belo - AssertionError: assert '63641306' == '82575812'
  
  - 82575812
  + 63641306
FAILED tests/test_entity_resolver.py::TestEntityResolver::test_resolve_batch - AssertionError: assert '62761279' == '82892324'
  
  - 82892324
  + 62761279
FAILED tests/test_entity_resolver.py::TestEntityResolver::test_singleton_convenience - AssertionError: assert '62761279' == '82892324'
  
  - 82892324
  + 62761279
FAILED tests/test_entity_resolver.py::TestSeedCoverage::test_all_secretarias_have_alias - AssertionError: Expected at least 179 secretarias, found 0
assert 0 >= 179
FAILED tests/test_entity_resolver.py::TestSeedCoverage::test_alias_count_matches_expected - AssertionError: Expected >= 359 aliases, found 0
assert 0 >= 359
FAILED tests/test_opportunity_integration.py::TestOpportunityTablesExist::test_opportunity_intel_exists - AssertionError: assert 0
 +  where 0 = _table_exists(<MagicMock id='136826141447312'>, 'opportunity_intel')
FAILED tests/test_opportunity_integration.py::TestOpportunityTablesExist::test_opportunity_runs_exists - AssertionError: assert 0
 +  where 0 = _table_exists(<MagicMock id='136826122565728'>, 'opportunity_runs')
FAILED tests/test_opportunity_integration.py::TestOpportunityTablesExist::test_opportunity_checkpoints_exists - AssertionError: assert 0
 +  where 0 = _table_exists(<MagicMock id='136826122458160'>, 'opportunity_checkpoints')
FAILED tests/test_opportunity_integration.py::TestOpportunityTablesExist::test_opportunity_coverage_exists - AssertionError: assert 0
 +  where 0 = _table_exists(<MagicMock id='136826118806880'>, 'opportunity_coverage')
FAILED tests/test_opportunity_integration.py::TestUpsertFunction::test_upsert_single_record - assert 0 == 1
 +  where 0 = len([])
FAILED tests/test_opportunity_integration.py::TestUpsertFunction::test_upsert_idempotent - IndexError: list index out of range
FAILED tests/test_opportunity_integration.py::TestUpsertFunction::test_upsert_batch - assert 0 == 5
 +  where 0 = len([])
FAILED tests/test_opportunity_integration.py::TestConstraints::test_status_canonico_constraint - Failed: DID NOT RAISE <class 'psycopg2.Error'>
FAILED tests/test_opportunity_integration.py::TestConstraints::test_ranking_constraint - Failed: DID NOT RAISE <class 'psycopg2.Error'>
FAILED tests/test_resilience_vertical_slice.py::test_vertical_slice_postgres_real_path - Failed: DATABASE_URL set but pncp_raw_bids / upsert_pncp_raw_bids missing — migrations incomplete (dsn='postgresql://test:test@127.0.0.1:5544/extra_full_suite' identity=[0] tables=[] procs=[])
FAILED tests/test_transparencia_crawler.py::TestCrawl::test_crawl_full - AssertionError: assert 80 == 2
 +  where 80 = len([{'count': 0, 'error': None, 'ibge': '4200200', 'municipio': 'agrolandia', ...}, {'count': 0, 'error': None, 'ibge': '...06', 'municipio': 'ararangua', ...}, {'count': 0, 'error': None, 'ibge': '4201653', 'municipio': 'arvoredo', ...}, ...])
FAILED tests/unit/test_dod_unit_evidence_pack.py::test_manifest_and_pytest_exit_zero - FileNotFoundError: [Errno 2] No such file or directory: '/mnt/d/extra consultoria/.worktrees/full-suite-main/docs/ops/session-2026-07-17-dod-unit-evidence/pytest-pack.log'
21 failed, 2179 passed, 128 skipped, 3 warnings in 811.54s (0:13:31)
