2026-07-18 18:19:15,158 INFO contracts_90d_pilot: SKIP completed window 20260717_20260718
2026-07-18 18:19:15,290 INFO contracts_90d_pilot: Wrote evidence docs/ops/campaigns/NEXT-30D-ROI-MAIN-R2/evidence/N17-resume/run2-resume.json run_id=contracts-90d-20260718T211915Z-1b6431fb70
2026-07-18 18:19:15,290 ERROR contracts_90d_pilot: Proof coherence failed: path_proof success cannot rest only on skipped_resume (foreign or prior run windows) — need a clean window in this run_id
{
  "run_id": "contracts-90d-20260718T211915Z-1b6431fb70",
  "status": "partial",
  "totals": {
    "fetched": 0,
    "transformed": 0,
    "inserted": 0,
    "skipped": 0,
    "pages": 0,
    "page_errors": 0,
    "windows_ok": 0,
    "windows_failed": 0,
    "windows_skipped_resume": 1
  },
  "planned_windows": 1,
  "go_no_go_3y": "NO-GO",
  "duration_seconds": 0.0,
  "db": {
    "pncp_supplier_contracts_count": 20894,
    "min_data_publicacao": "2026-07-15",
    "max_data_publicacao": "2026-07-18",
    "data_publicacao_note": "legacy/mixed semantics \u2014 historically stored dataAssinatura; prefer data_assinatura / data_publicacao_fonte (migration 051)",
    "min_data_assinatura": "2021-08-26",
    "max_data_assinatura": "2027-07-01",
    "has_data_assinatura_column": true,
    "monthly": [
      {
        "mes": "2026-07-01",
        "n": 20894
      }
    ],
    "sample_populated_n20": 20
  },
  "path_proof": {
    "status": "success",
    "days": 1,
    "planned_windows": 1,
    "totals": {
      "fetched": 0,
      "transformed": 0,
      "inserted": 0,
      "skipped": 0,
      "pages": 0,
      "page_errors": 0,
      "windows_ok": 0,
      "windows_failed": 0,
      "windows_skipped_resume": 1
    },
    "note": "days<=1 run is path-level evidence only unless planned_windows fully covered",
    "run_id": "contracts-90d-20260718T211915Z-1b6431fb70"
  }
}
