{
  "timestamp": "2026-07-18T19:37:19.691109+00:00",
  "migration_files": 59,
  "migration_file_names": [
    "001_pncp_raw_bids.sql",
    "002_pncp_supplier_contracts.sql",
    "003_enriched_entities.sql",
    "004_ingestion_tables.sql",
    "005_search_datalake_rpc.sql",
    "006_upsert_rpcs.sql",
    "007_sc_public_entities.sql",
    "008_purge_rpc.sql",
    "009_indexes_and_coverage.sql",
    "010_match_logging.sql",
    "011_unmatched_bids_view.sql",
    "012_coverage_snapshots.sql",
    "013_td-1.1_gin_index_objeto_contrato.sql",
    "014_td-1.1_fix_hnsw_expression.sql",
    "015_td-2.3_enriched_entities_ttl.sql",
    "016_td-2.3_objeto_compra_gin.sql",
    "017_td-2.3_matched_entity_id_index.sql",
    "018-td-5.3_esfera_id_check.sql",
    "019-td-5.3_soft_delete_purge_docs.sql",
    "020_td-2.4_sync_local_schema.sql",
    "021a_entity_coverage_rebuild.sql",
    "021b_entity_hierarchy.sql",
    "021c_sc_dados_abertos_municipio.sql",
    "021d_views_functions.sql",
    "022_match_method_coverage.sql",
    "023_pncp_engineering_pipeline.sql",
    "024_coverage_evidence_ledger.sql",
    "025a_contract_intel_views.sql",
    "025b_coverage_evidence_null_uniqueness.sql",
    "026_contract_intel_truth_v1.sql",
    "027_opportunity_intel.sql",
    "028_opportunity_indexes.sql",
    "029_qw01_auditable_radar.sql",
    "030_schema_contract_and_canonical_views.sql",
    "031_source_snapshot_reconciliation.sql",
    "032_capability_coverage.sql",
    "033_contract_versioning.sql",
    "034_supplier_identity.sql",
    "035_value_observations.sql",
    "036_reporting_views.sql",
    "037_target_universe_snapshot.sql",
    "038_target_universe_active_view.sql",
    "039_source_snapshot_tracking.sql",
    "040_coverage_model_expansion.sql",
    "041a_fix_fk_constraints.sql",
    "041b_fix_snapshot_membership.sql",
    "042_validate_fk_constraints.sql",
    "043_entity_aliases.sql",
    "044_fix_upsert_dedup.sql",
    "045_dlq_entries.sql",
    "046_pipeline_watermarks.sql",
    "047_pipeline_runs.sql",
    "048_record_hashes.sql",
    "049_pncp_resumable_backfill.sql",
    "050_fix_contracts_upsert_fk.sql",
    "051_contract_date_semantics.sql",
    "052_official_acts.sql",
    "053_entity_source_registry.sql",
    "054_local_resilience_contract.sql"
  ],
  "required_relations": [
    "pncp_raw_bids",
    "pncp_supplier_contracts",
    "opportunity_intel",
    "entity_aliases",
    "dedup_cross_source",
    "target_universe_entities",
    "entity_coverage",
    "pipeline_watermarks",
    "ingestion_runs",
    "_migrations"
  ],
  "issues": [],
  "warnings": [
    "migration files (59) != _migrations rows (62) — fresh install re-proof required for GATE-A"
  ],
  "public_tables": [
    "_migrations",
    "capability_coverage",
    "contract_version_history",
    "coverage_evidence",
    "coverage_snapshots",
    "dedup_cross_source",
    "dlq_entries",
    "engineering_opportunities",
    "enriched_entities",
    "entity_aliases",
    "entity_coverage",
    "entity_hierarchy",
    "entity_source_registry",
    "geography_columns",
    "geometry_columns",
    "ingestion_checkpoints",
    "ingestion_runs",
    "official_act_classifications",
    "official_act_links",
    "official_act_matches",
    "official_act_resources",
    "official_act_source_links",
    "official_acts",
    "opportunity_checkpoints",
    "opportunity_coverage",
    "opportunity_intel",
    "opportunity_runs",
    "pipeline_runs",
    "pipeline_watermarks",
    "pncp_backfill_pages",
    "pncp_backfill_records",
    "pncp_backfill_runs",
    "pncp_enrichment_cache",
    "pncp_raw_bids",
    "pncp_supplier_contracts",
    "record_hashes",
    "retention_policy",
    "sc_dados_abertos_backfill_log",
    "sc_municipalities",
    "sc_public_entities",
    "source_applicability_rules",
    "source_snapshot_membership",
    "spatial_ref_sys",
    "target_universe_entities",
    "target_universe_runs",
    "v_capability_coverage_summary",
    "v_contract_historical",
    "v_contract_intel_ativos_90_180",
    "v_contract_intel_fornecedores",
    "v_contract_intel_historico",
    "v_contract_intel_percentis",
    "v_contracts_canonical",
    "v_coverage_evidence_expanded",
    "v_coverage_gaps",
    "v_coverage_gaps_by_municipio",
    "v_coverage_health",
    "v_coverage_manifest",
    "v_coverage_summary",
    "v_coverage_trend",
    "v_entities_canonical",
    "v_entity_match_summary",
    "v_expiring_contracts",
    "v_hierarchical_coverage",
    "v_latest_evidence",
    "v_migration_status",
    "v_official_acts_active",
    "v_open_opportunities_canonical",
    "v_opportunity_by_source",
    "v_opportunity_coverage_summary",
    "v_opportunity_open",
    "v_resolve_publishing_cnpj",
    "v_schema_integrity",
    "v_source_health",
    "v_supplier_winners",
    "v_suppliers_canonical",
    "v_target_universe_active",
    "v_target_universe_all",
    "v_unmatched_bids",
    "v_value_observations_canonical"
  ],
  "missing_required": [],
  "migrations_columns": [
    "applied_at",
    "version",
    "name",
    "checksum",
    "rollback_sql"
  ],
  "migrations_rows": 62,
  "ok": true,
  "exit_code": 0
}
