
📋 2085 entidades carregadas (1093 no raio 200km)

─
─
─
─
─
─
─
─
─
─
─
─
─
─
─
─
─
─
─
─
─
─
─
─
─
─
─
─
─
─
─
─
─
─
─
─
─
─
─
─
─
─
─
─
─
─
─
─
─
─
─
─
─
─
─
─
─
─
─
─
📍 Source: CONTRACTS | Mode: incremental
────────────────────────────────────────────────────────────
  🔍 Crawling contracts (incremental)...
     Fetched: 20893 records
  ❌ failed: fetched=20893, transformed=20893, inserted=0, updated=0, matched=0

============================================================
  RESUMO
============================================================
  Success:   0 sources
  Degraded:  0 sources
  Empty:     0 sources
  Skipped:   0 sources
  Fetched:   20893
  Transformed: 20893
  Inserted:  0
  Updated:   0
  Matched:   0
  Classificados engenharia: 0
  Engenharia confirmada: 0
  Engenharia provavel: 0
  Dentro de 200km: 0
  Restante de SC: 0
  Localizacao nao confirmada: 0
  Descartados por falso positivo: 0
  Persistidos: 0
  Falhas externas: 0
  Failed:    1 sources
    • contracts: Upsert failed: insert or update on table "pncp_supplier_contracts" violates foreign key constraint "fk_contracts_supplier_entity_v2"
DETAIL:  Key (fornecedor_cnpj_8)=(03229363) is not present in table "sc_public_entities".
CONTEXT:  SQL statement "WITH input AS (
        SELECT DISTINCT ON ((rec->>'contrato_id'))
            rec->>'contrato_id'              AS in_contrato_id,
            rec->>'orgao_cnpj'               AS orgao_cnpj,
            rec->>'orgao_nome'               AS orgao_nome,
            rec->>'fornecedor_cnpj'          AS fornecedor_cnpj,
            rec->>'fornecedor_nome'          AS fornecedor_nome,
            rec->>'objeto_contrato'          AS objeto_contrato,
            NULLIF(rec->>'valor_total', '')::NUMERIC AS valor_total,
            NULLIF(rec->>'data_inicio', '')::DATE    AS data_inicio,
            NULLIF(rec->>'data_fim', '')::DATE       AS data_fim,
            NULLIF(rec->>'data_publicacao', '')::DATE AS data_publicacao,
            rec->>'uf'                       AS uf,
            rec->>'municipio'                AS municipio,
            COALESCE(rec->>'source', 'pncp') AS source,
            rec->>'source_id'                AS source_id,
            -- New optional date-semantics fields (NULL when absent / blank)
            NULLIF(rec->>'data_assinatura', '')::DATE AS data_assinatura,
            NULLIF(rec->>'data_publicacao_fonte', '')::DATE AS data_publicacao_fonte,
            NULLIF(rec->>'data_atualizacao_fonte', '')::DATE AS data_atualizacao_fonte,
            NULLIF(rec->>'source_event_date', '')::DATE AS source_event_date,
            NULLIF(rec->>'source_date_semantics', '') AS source_date_semantics,
            NULLIF(rec->>'source_updated_at', '')::TIMESTAMPTZ AS source_updated_at,
            NULLIF(rec->>'query_window_start', '')::DATE AS query_window_start,
            NULLIF(rec->>'query_window_end', '')::DATE AS query_window_end
        FROM jsonb_array_elements(p_records) AS rec
        WHERE COALESCE(rec->>'contrato_id', '') <> ''
        ORDER BY (rec->>'contrato_id')
    ),
    upserted AS (
        INSERT INTO pncp_supplier_contracts AS t (
            contrato_id, orgao_cnpj, orgao_nome,
            fornecedor_cnpj, fornecedor_nome,
            objeto_contrato, valor_total,
            data_inicio, data_fim, data_publicacao,
            uf, municipio, source, source_id,
            data_assinatura, data_publicacao_fonte, data_atualizacao_fonte,
            source_event_date, source_date_semantics,
            first_seen_at, last_seen_at, source_updated_at,
            query_window_start, query_window_end
        )
        SELECT
            i.in_contrato_id, i.orgao_cnpj, i.orgao_nome,
            i.fornecedor_cnpj, i.fornecedor_nome,
            i.objeto_contrato, i.valor_total,
            i.data_inicio, i.data_fim, i.data_publicacao,
            i.uf, i.municipio, i.source, i.source_id,
            i.data_assinatura, i.data_publicacao_fonte, i.data_atualizacao_fonte,
            i.source_event_date, i.source_date_semantics,
            NOW(), NOW(), i.source_updated_at,
            i.query_window_start, i.query_window_end
        FROM input i
        ON CONFLICT ON CONSTRAINT pncp_supplier_contracts_contrato_id_key DO UPDATE SET
            last_seen_at = NOW(),
            -- Fill new semantic date fields only when existing is NULL
            data_assinatura = COALESCE(t.data_assinatura, EXCLUDED.data_assinatura),
            data_publicacao_fonte = COALESCE(t.data_publicacao_fonte, EXCLUDED.data_publicacao_fonte),
            data_atualizacao_fonte = COALESCE(t.data_atualizacao_fonte, EXCLUDED.data_atualizacao_fonte),
            source_event_date = COALESCE(t.source_event_date, EXCLUDED.source_event_date),
            source_date_semantics = COALESCE(t.source_date_semantics, EXCLUDED.source_date_semantics),
            source_updated_at = COALESCE(t.source_updated_at, EXCLUDED.source_updated_at),
            query_window_start = COALESCE(t.query_window_start, EXCLUDED.query_window_start),
            query_window_end = COALESCE(t.query_window_end, EXCLUDED.query_window_end)
        RETURNING t.contrato_id, (xmax = 0) AS is_insert
    )
    SELECT
        CASE WHEN u.is_insert THEN 'inserted'::TEXT ELSE 'updated'::TEXT END,
        u.contrato_id
    FROM upserted u"
PL/pgSQL function upsert_pncp_supplier_contracts(jsonb) line 3 at RETURN QUERY


  📊 Coverage: 20.7% (431/2085)

  📄 Result JSON: docs/ops/campaigns/NEXT-30D-ROI-MAIN/evidence/N01-golden/contracts-inc.json
